====== STARTING ANALYSIS ======
Data directory:    data/SP_scan_new_cavity/20211215_sp_cyclohexanone_5um_new_cavity_16
Results directory: results/SP_scan_new_cavity/20211215_sp_cyclohexanone_5um_new_cavity_16

====== BEGINNING CAVITY ANALYSIS
=== GENERAL
Filename: data/SP_scan_new_cavity/20211215_sp_cyclohexanone_5um_new_cavity_16/cavity.csv
Loaded 1 spectra!
v_range    =  [nan, 400.0] cm^-1
stepsize   =  nan cm^-1

=== SPECTRA
Spectrum 0:
	FSR            = 539.60 cm^-1
	FSR_offset     = 21.93 cm^-1
	Cavity spacing = 7.1234 um
	FWHM           = 118.651 cm^-1
	Quality        = 4.548

=== END
Plots saved to results/SP_scan_new_cavity/20211215_sp_cyclohexanone_5um_new_cavity_16/plots
Spectrum data written to results/SP_scan_new_cavity/20211215_sp_cyclohexanone_5um_new_cavity_16/spectrum_data.csv

====== BEGINNING KINETICS ANALYSIS
=== GENERAL
Loaded 361 spectra!
lambda_range  =  [190.0, 1100.0] nm
stepsize      =  1.0000 nm
=== KINETICS
Exponential fitting for average between wavelenghts [520.0, 580.0] nm:
	t in [0, 3600] s
	Correlation (R2)  = 0.9980000000
	k                 = 0.00328306 s^-1
	A0                = 0.428
	slope             = 0.040
	B                 = 0.040
	Life-time         = 304.59 s
	Half-life         = 211.13 s
=== END

====== END
