====== STARTING ANALYSIS ======
Data directory:    data/20211130_scanning/2
Results directory: results/20211130_scanning/2

====== BEGINNING CAVITY ANALYSIS
=== GENERAL
Filename: data/20211130_scanning/2/cavity_before.csv
Loaded 1 spectra!
v_range    =  [7000.0, 400.0] cm^-1
stepsize   =  1.0000 cm^-1

=== SPECTRA
Spectrum 0:
	FSR            = 216.79 cm^-1
	FSR_offset     = -3.31 cm^-1
	Cavity spacing = 15.8985 um
	FWHM           = 57.373 cm^-1
	Quality        = 3.779
	Polariton 0 @ 1713 cm^-1
		P+ @ 1735 cm^-1, dv = 22.0 cm^-1
		P- @ 1659 cm^-1, dv = 53.3 cm^-1
		Rabi splitting = 75.3 cm^-1 = 0.00933 eV

=== END
Plots saved to results/20211130_scanning/2/plots
Spectrum data written to results/20211130_scanning/2/spectrum_data.csv

====== BEGINNING KINETICS ANALYSIS
=== GENERAL
Loaded 358 spectra!
lambda_range  =  [190.0, 1100.0] nm
stepsize      =  1.0000 nm
=== KINETICS
Model: A01*exp(-k1*t) + A02*exp(-k2*t) + B
Exponential fitting for average between wavelenghts [520.0, 580.0] nm:
	t in [0, 3570] s
	Correlation (R2)  = 0.9989672701
	k                 = 0.00468350 s^-1
	A0                = 0.482
	B                 = 0.001
	Life-time         = 213.52 s
	Half-life         = 148.00 s
=== END

====== END
