====== STARTING ANALYSIS ======
Data directory:    data/SP_scan_new_cavity/20211215_sp_cyclohexanone_5um_new_cavity_8
Results directory: results/SP_scan_new_cavity/20211215_sp_cyclohexanone_5um_new_cavity_8

====== BEGINNING CAVITY ANALYSIS
=== GENERAL
Filename: data/SP_scan_new_cavity/20211215_sp_cyclohexanone_5um_new_cavity_8/cavity.csv
Loaded 1 spectra!
v_range    =  [nan, 400.0] cm^-1
stepsize   =  nan cm^-1

=== SPECTRA
Spectrum 0:
	FSR            = 575.54 cm^-1
	FSR_offset     = 24.06 cm^-1
	Cavity spacing = 6.6786 um
	FWHM           = 486.141 cm^-1
	Quality        = 1.184

=== END
Plots saved to results/SP_scan_new_cavity/20211215_sp_cyclohexanone_5um_new_cavity_8/plots
Spectrum data written to results/SP_scan_new_cavity/20211215_sp_cyclohexanone_5um_new_cavity_8/spectrum_data.csv

====== BEGINNING KINETICS ANALYSIS
=== GENERAL
Loaded 290 spectra!
lambda_range  =  [190.0, 1100.0] nm
stepsize      =  1.0000 nm
=== KINETICS
Exponential fitting for average between wavelenghts [520.0, 580.0] nm:
	t in [0, 2890] s
	Correlation (R2)  = 0.9943485475
	k                 = 0.00283202 s^-1
	A0                = 0.427
	B                 = 0.008
	Life-time         = 353.11 s
	Half-life         = 244.75 s
=== END

====== END
