====== STARTING ANALYSIS ======
Data directory:    data/SP_scan_new_cavity/20211215_sp_cyclohexanone_5um_new_cavity_7
Results directory: results/SP_scan_new_cavity/20211215_sp_cyclohexanone_5um_new_cavity_7

====== BEGINNING CAVITY ANALYSIS
=== GENERAL
Filename: data/SP_scan_new_cavity/20211215_sp_cyclohexanone_5um_new_cavity_7/cavity.csv
Loaded 1 spectra!
v_range    =  [nan, 400.0] cm^-1
stepsize   =  nan cm^-1

=== SPECTRA
Spectrum 0:
	FSR            = 561.98 cm^-1
	FSR_offset     = 24.76 cm^-1
	Cavity spacing = 6.8398 um
	FWHM           = 472.349 cm^-1
	Quality        = 1.190

=== END
Plots saved to results/SP_scan_new_cavity/20211215_sp_cyclohexanone_5um_new_cavity_7/plots
Spectrum data written to results/SP_scan_new_cavity/20211215_sp_cyclohexanone_5um_new_cavity_7/spectrum_data.csv

====== BEGINNING KINETICS ANALYSIS
=== GENERAL
Loaded 251 spectra!
lambda_range  =  [190.0, 1100.0] nm
stepsize      =  1.0000 nm
=== KINETICS
Biexponential fitting for average between wavelenghts [520.0, 580.0] nm:
	t in [0, 2500] s
	Correlation (R2)  = 0.9996581756
	k1                = 0.00608688 s^-1
	k2                = 0.00126893 s^-1
	A01               = 0.355
	A02               = 0.195
	B                 = -0.009
	Life-time 1       = 164.29 s
	Life-time 2       = 788.07 s
	Half-life 1       = 113.88 s
	Half-life 2       = 546.25 s
=== END

====== END
