====== STARTING ANALYSIS ======
Data directory:    data/SP_scan_new_cavity/20211215_sp_cyclohexanone_5um_new_cavity_14
Results directory: results/SP_scan_new_cavity/20211215_sp_cyclohexanone_5um_new_cavity_14

====== BEGINNING CAVITY ANALYSIS
=== GENERAL
Filename: data/SP_scan_new_cavity/20211215_sp_cyclohexanone_5um_new_cavity_14/cavity.csv
Loaded 1 spectra!
v_range    =  [nan, 400.0] cm^-1
stepsize   =  nan cm^-1

=== SPECTRA
Spectrum 0:
	FSR            = 643.02 cm^-1
	FSR_offset     = 23.89 cm^-1
	Cavity spacing = 5.9777 um
	FWHM           = 111.305 cm^-1
	Quality        = 5.777

=== END
Plots saved to results/SP_scan_new_cavity/20211215_sp_cyclohexanone_5um_new_cavity_14/plots
Spectrum data written to results/SP_scan_new_cavity/20211215_sp_cyclohexanone_5um_new_cavity_14/spectrum_data.csv

====== BEGINNING KINETICS ANALYSIS
=== GENERAL
Loaded 357 spectra!
lambda_range  =  [190.0, 1100.0] nm
stepsize      =  1.0000 nm
=== KINETICS
Biexponential fitting for average between wavelenghts [520.0, 580.0] nm:
	t in [0, 3560] s
	Correlation (R2)  = 0.9995428863
	k1                = 0.00335138 s^-1
	k2                = 0.00115017 s^-1
	A01               = 0.276
	A02               = 0.111
	B                 = -0.002
	Life-time 1       = 298.38 s
	Life-time 2       = 869.44 s
	Half-life 1       = 206.82 s
	Half-life 2       = 602.65 s
=== END

====== END
