====== STARTING ANALYSIS ======
Data directory:    data/SP_scan_new_cavity/20211215_sp_cyclohexanone_5um_new_cavity_11
Results directory: results/SP_scan_new_cavity/20211215_sp_cyclohexanone_5um_new_cavity_11

====== BEGINNING CAVITY ANALYSIS
=== GENERAL
Filename: data/SP_scan_new_cavity/20211215_sp_cyclohexanone_5um_new_cavity_11/cavity.csv
Loaded 1 spectra!
v_range    =  [nan, 400.0] cm^-1
stepsize   =  nan cm^-1

=== SPECTRA
Spectrum 0:
	FSR            = 616.88 cm^-1
	FSR_offset     = 21.68 cm^-1
	Cavity spacing = 6.2311 um
	FWHM           = 206.828 cm^-1
	Quality        = 2.983

=== END
Plots saved to results/SP_scan_new_cavity/20211215_sp_cyclohexanone_5um_new_cavity_11/plots
Spectrum data written to results/SP_scan_new_cavity/20211215_sp_cyclohexanone_5um_new_cavity_11/spectrum_data.csv

====== BEGINNING KINETICS ANALYSIS
=== GENERAL
Loaded 302 spectra!
lambda_range  =  [190.0, 1100.0] nm
stepsize      =  1.0000 nm
=== KINETICS
Biexponential fitting for average between wavelenghts [520.0, 580.0] nm:
	t in [0, 3010] s
	Correlation (R2)  = 0.9970764015
	k1                = 0.00442811 s^-1
	k2                = 0.00139738 s^-1
	A01               = 0.078
	A02               = 0.049
	B                 = -0.000
	Life-time 1       = 225.83 s
	Life-time 2       = 715.62 s
	Half-life 1       = 156.53 s
	Half-life 2       = 496.03 s
=== END

====== END
