====== STARTING ANALYSIS ======
Data directory:    data/SP_scan_new_cavity/20211215_sp_cyclohexanone_5um_new_cavity_15
Results directory: results/SP_scan_new_cavity/20211215_sp_cyclohexanone_5um_new_cavity_15

====== BEGINNING CAVITY ANALYSIS
=== GENERAL
Filename: data/SP_scan_new_cavity/20211215_sp_cyclohexanone_5um_new_cavity_15/cavity.csv
Loaded 1 spectra!
v_range    =  [nan, 400.0] cm^-1
stepsize   =  nan cm^-1

=== SPECTRA
Spectrum 0:
	FSR            = 548.87 cm^-1
	FSR_offset     = 32.75 cm^-1
	Cavity spacing = 7.0032 um
	FWHM           = 80.140 cm^-1
	Quality        = 6.849

=== END
Plots saved to results/SP_scan_new_cavity/20211215_sp_cyclohexanone_5um_new_cavity_15/plots
Spectrum data written to results/SP_scan_new_cavity/20211215_sp_cyclohexanone_5um_new_cavity_15/spectrum_data.csv

====== BEGINNING KINETICS ANALYSIS
=== GENERAL
Loaded 361 spectra!
lambda_range  =  [190.0, 1100.0] nm
stepsize      =  1.0000 nm
=== KINETICS
Exponential fitting for average between wavelenghts [520.0, 580.0] nm:
	t in [0, 3600] s
	Correlation (R2)  = 0.9980000000
	k                 = 0.00358281 s^-1
	A0                = 0.381
	slope             = 0.021
	B                 = 0.021
	Life-time         = 279.11 s
	Half-life         = 193.46 s
=== END

====== END
