====== STARTING ANALYSIS ======
Data directory:    data/SP_scan_new_cavity/20211214_sp_cyclohexanone_5um_new_cavity_4
Results directory: results/SP_scan_new_cavity/20211214_sp_cyclohexanone_5um_new_cavity_4

====== BEGINNING CAVITY ANALYSIS
=== GENERAL
Filename: data/SP_scan_new_cavity/20211214_sp_cyclohexanone_5um_new_cavity_4/cavity.csv
Loaded 1 spectra!
v_range    =  [nan, 400.0] cm^-1
stepsize   =  nan cm^-1

=== SPECTRA
Spectrum 0:
	FSR            = 564.34 cm^-1
	FSR_offset     = 23.78 cm^-1
	Cavity spacing = 6.8112 um
	FWHM           = 101.319 cm^-1
	Quality        = 5.570

=== END
Plots saved to results/SP_scan_new_cavity/20211214_sp_cyclohexanone_5um_new_cavity_4/plots
Spectrum data written to results/SP_scan_new_cavity/20211214_sp_cyclohexanone_5um_new_cavity_4/spectrum_data.csv

====== BEGINNING KINETICS ANALYSIS
=== GENERAL
Loaded 249 spectra!
lambda_range  =  [190.0, 1100.0] nm
stepsize      =  1.0000 nm
=== KINETICS
Biexponential fitting for average between wavelenghts [520.0, 580.0] nm:
	t in [0, 2480] s
	Correlation (R2)  = 0.9991253124
	k1                = 0.00425781 s^-1
	k2                = 0.00145786 s^-1
	A01               = 0.161
	A02               = 0.108
	B                 = -0.003
	Life-time 1       = 234.86 s
	Life-time 2       = 685.93 s
	Half-life 1       = 162.79 s
	Half-life 2       = 475.45 s
=== END

====== END
