====== STARTING ANALYSIS ======
Data directory:    data/SP_scan_new_cavity/20211214_sp_cyclohexanone_5um_new_cavity_5
Results directory: results/SP_scan_new_cavity/20211214_sp_cyclohexanone_5um_new_cavity_5

====== BEGINNING CAVITY ANALYSIS
=== GENERAL
Filename: data/SP_scan_new_cavity/20211214_sp_cyclohexanone_5um_new_cavity_5/cavity.csv
Loaded 1 spectra!
v_range    =  [nan, 400.0] cm^-1
stepsize   =  nan cm^-1

=== SPECTRA
Spectrum 0:
	FSR            = 544.83 cm^-1
	FSR_offset     = 38.03 cm^-1
	Cavity spacing = 7.0551 um
	FWHM           = 106.431 cm^-1
	Quality        = 5.119

=== END
Plots saved to results/SP_scan_new_cavity/20211214_sp_cyclohexanone_5um_new_cavity_5/plots
Spectrum data written to results/SP_scan_new_cavity/20211214_sp_cyclohexanone_5um_new_cavity_5/spectrum_data.csv

====== BEGINNING KINETICS ANALYSIS
=== GENERAL
Loaded 324 spectra!
lambda_range  =  [190.0, 1100.0] nm
stepsize      =  1.0000 nm
=== KINETICS
Exponential fitting for average between wavelenghts [520.0, 580.0] nm:
	t in [0, 3230] s
	Correlation (R2)  = 0.9960830425
	k                 = 0.00330950 s^-1
	A0                = 0.537
	B                 = 0.006
	Life-time         = 302.16 s
	Half-life         = 209.44 s
=== END

====== END
