====== STARTING ANALYSIS ======
Data directory:    data/20211207_2um_sp/20211107_1
Results directory: results/20211207_2um_sp/20211107_1

====== BEGINNING CAVITY ANALYSIS
=== GENERAL
Filename: data/20211207_2um_sp/20211107_1/cavity_before.csv
Loaded 1 spectra!
v_range    =  [7496.969, 374.173] cm^-1
stepsize   =  1.9287 cm^-1

=== SPECTRA
Spectrum 0:
	FSR            = 454.68 cm^-1
	FSR_offset     = -34.96 cm^-1
	Cavity spacing = 7.5803 um
	FWHM           = 150.625 cm^-1
	Quality        = 3.019
	Polariton 0 @ 1713 cm^-1
		P+ @ 1838 cm^-1, dv = 125.6 cm^-1
		P- @ 1680 cm^-1, dv = 32.3 cm^-1
		Rabi splitting = 158.0 cm^-1 = 0.01959 eV

=== END
Plots saved to results/20211207_2um_sp/20211107_1/plots
Spectrum data written to results/20211207_2um_sp/20211107_1/spectrum_data.csv

====== BEGINNING KINETICS ANALYSIS
=== GENERAL
Loaded 361 spectra!
lambda_range  =  [190.0, 1100.0] nm
stepsize      =  1.0000 nm
=== KINETICS
Model: A01*exp(-k1*t) + A02*exp(-k2*t) + B
Biexponential fitting for average between wavelenghts [520.0, 580.0] nm:
	t in [0, 3600] s
	Correlation (R2)  = 0.9995485823
	k1                = 0.00361481 s^-1
	k2                = 0.00064908 s^-1
	A01               = 0.219
	A02               = 0.131
	B                 = -0.012
	Life-time 1       = 276.64 s
	Life-time 2       = 1540.63 s
	Half-life 1       = 191.75 s
	Half-life 2       = 1067.88 s
=== END

====== END
