=== GENERAL
Filename: data/20211112_cavity_tuning_for_acetone/data.csv
Loaded 13 spectra!
v_range  =  [6993.571, 397.318] cm^-1
deltav   =  3.8575 cm^-1

=== SPECTRA
Spectrum 0:
	FSR            = 424.32 cm^-1
	FSR_offset     = 3.86 cm^-1
	Cavity spacing = 8.6695 um
	FWHM           = 1.000 cm^-1
	Quality        = 424.320
	Polariton 0 @ 1716 cm^-1
		P+ @ 1789 cm^-1, dv = 73.9 cm^-1
		P- @ 1650 cm^-1, dv = 65.0 cm^-1
		Rabi splitting = 0.01722 eV
Spectrum 1:
	FSR            = 428.18 cm^-1
	FSR_offset     = 412.75 cm^-1
	Cavity spacing = 8.5914 um
	FWHM           = 1.000 cm^-1
	Quality        = 428.178
	Polariton 0 @ 1716 cm^-1
		P+ @ 1793 cm^-1, dv = 77.7 cm^-1
		P- @ 1654 cm^-1, dv = 61.2 cm^-1
		Rabi splitting = 0.01722 eV
Spectrum 2:
	FSR            = 428.18 cm^-1
	FSR_offset     = 412.75 cm^-1
	Cavity spacing = 8.5914 um
	FWHM           = 1.000 cm^-1
	Quality        = 428.178
	Polariton 0 @ 1716 cm^-1
		P+ @ 1793 cm^-1, dv = 77.7 cm^-1
		P- @ 1654 cm^-1, dv = 61.2 cm^-1
		Rabi splitting = 0.01722 eV
Spectrum 3:
	FSR            = 426.89 cm^-1
	FSR_offset     = 1.29 cm^-1
	Cavity spacing = 8.6172 um
	FWHM           = 1.000 cm^-1
	Quality        = 426.892
	Polariton 0 @ 1716 cm^-1
		P+ @ 1793 cm^-1, dv = 77.7 cm^-1
		P- @ 1654 cm^-1, dv = 61.2 cm^-1
		Rabi splitting = 0.01722 eV
Spectrum 4:
	FSR            = 428.82 cm^-1
	FSR_offset     = 410.82 cm^-1
	Cavity spacing = 8.5785 um
	FWHM           = 1.000 cm^-1
	Quality        = 428.821
	Polariton 0 @ 1716 cm^-1
		P+ @ 1793 cm^-1, dv = 77.7 cm^-1
		P- @ 1654 cm^-1, dv = 61.2 cm^-1
		Rabi splitting = 0.01722 eV
Spectrum 5:
	FSR            = 426.25 cm^-1
	FSR_offset     = 414.68 cm^-1
	Cavity spacing = 8.6302 um
	FWHM           = 1.000 cm^-1
	Quality        = 426.249
	Polariton 0 @ 1716 cm^-1
		P+ @ 1789 cm^-1, dv = 73.9 cm^-1
		P- @ 1650 cm^-1, dv = 65.0 cm^-1
		Rabi splitting = 0.01722 eV
Spectrum 6:
	FSR            = 425.61 cm^-1
	FSR_offset     = 424.32 cm^-1
	Cavity spacing = 8.6433 um
	FWHM           = 1.000 cm^-1
	Quality        = 425.606
	Polariton 0 @ 1716 cm^-1
		P+ @ 1789 cm^-1, dv = 73.9 cm^-1
		P- @ 1650 cm^-1, dv = 65.0 cm^-1
		Rabi splitting = 0.01722 eV
Spectrum 7:
	FSR            = 426.89 cm^-1
	FSR_offset     = 412.75 cm^-1
	Cavity spacing = 8.6172 um
	FWHM           = 1.000 cm^-1
	Quality        = 426.892
	Polariton 0 @ 1716 cm^-1
		P+ @ 1789 cm^-1, dv = 73.9 cm^-1
		P- @ 1650 cm^-1, dv = 65.0 cm^-1
		Rabi splitting = 0.01722 eV
Spectrum 8:
	FSR            = 426.89 cm^-1
	FSR_offset     = 416.60 cm^-1
	Cavity spacing = 8.6172 um
	FWHM           = 1.000 cm^-1
	Quality        = 426.892
	Polariton 0 @ 1716 cm^-1
		P+ @ 1793 cm^-1, dv = 77.7 cm^-1
		P- @ 1654 cm^-1, dv = 61.2 cm^-1
		Rabi splitting = 0.01722 eV
Spectrum 9:
	FSR            = 426.25 cm^-1
	FSR_offset     = 0.00 cm^-1
	Cavity spacing = 8.6302 um
	FWHM           = 1.000 cm^-1
	Quality        = 426.249
	Polariton 0 @ 1716 cm^-1
		P+ @ 1793 cm^-1, dv = 77.7 cm^-1
		P- @ 1654 cm^-1, dv = 61.2 cm^-1
		Rabi splitting = 0.01722 eV
Spectrum 10:
	FSR            = 427.53 cm^-1
	FSR_offset     = 414.68 cm^-1
	Cavity spacing = 8.6043 um
	FWHM           = 1.000 cm^-1
	Quality        = 427.535
	Polariton 0 @ 1716 cm^-1
		P+ @ 1793 cm^-1, dv = 77.7 cm^-1
		P- @ 1654 cm^-1, dv = 61.2 cm^-1
		Rabi splitting = 0.01722 eV
Spectrum 11:
	FSR            = 426.89 cm^-1
	FSR_offset     = 424.32 cm^-1
	Cavity spacing = 8.6172 um
	FWHM           = 1.000 cm^-1
	Quality        = 426.892
	Polariton 0 @ 1716 cm^-1
		P+ @ 1793 cm^-1, dv = 77.7 cm^-1
		P- @ 1654 cm^-1, dv = 61.2 cm^-1
		Rabi splitting = 0.01722 eV
Spectrum 12:
	FSR            = 427.54 cm^-1
	FSR_offset     = 418.53 cm^-1
	Cavity spacing = 8.6043 um
	FWHM           = 1.000 cm^-1
	Quality        = 427.535
	Polariton 0 @ 1716 cm^-1
		P+ @ 1793 cm^-1, dv = 77.7 cm^-1
		P- @ 1654 cm^-1, dv = 61.2 cm^-1
		Rabi splitting = 0.01722 eV

=== END
Plots saved to results/cavity_tuning/plots
Spectrum data written to results/cavity_tuning/spectrum_data.csv
