====== STARTING ANALYSIS ======
Data directory:    data/SP_scan_new_cavity/20211214_sp_cyclohexanone_5um_new_cavity_1
Results directory: results/SP_scan_new_cavity/20211214_sp_cyclohexanone_5um_new_cavity_1

====== BEGINNING CAVITY ANALYSIS
=== GENERAL
Filename: data/SP_scan_new_cavity/20211214_sp_cyclohexanone_5um_new_cavity_1/cavity.csv
Loaded 1 spectra!
v_range    =  [nan, 400.0] cm^-1
stepsize   =  nan cm^-1

=== SPECTRA
Spectrum 0:
	FSR            = 605.33 cm^-1
	FSR_offset     = 20.00 cm^-1
	Cavity spacing = 6.3500 um
	FWHM           = 120.287 cm^-1
	Quality        = 5.032

=== END
Plots saved to results/SP_scan_new_cavity/20211214_sp_cyclohexanone_5um_new_cavity_1/plots
Spectrum data written to results/SP_scan_new_cavity/20211214_sp_cyclohexanone_5um_new_cavity_1/spectrum_data.csv

====== BEGINNING KINETICS ANALYSIS
=== GENERAL
Loaded 358 spectra!
lambda_range  =  [190.0, 1100.0] nm
stepsize      =  1.0000 nm
=== KINETICS
Exponential fitting for average between wavelenghts [520.0, 580.0] nm:
	t in [0, 3570] s
	Correlation (R2)  = 0.9986000000
	k                 = 0.00365391 s^-1
	A0                = 0.453
	slope             = 0.078
	B                 = 0.078
	Life-time         = 273.68 s
	Half-life         = 189.70 s
=== END

====== END
