====== STARTING ANALYSIS ======
Data directory:    data/SP_scan_new_cavity/20211215_sp_cyclohexanone_5um_new_cavity_9
Results directory: results/SP_scan_new_cavity/20211215_sp_cyclohexanone_5um_new_cavity_9

====== BEGINNING CAVITY ANALYSIS
=== GENERAL
Filename: data/SP_scan_new_cavity/20211215_sp_cyclohexanone_5um_new_cavity_9/cavity.csv
Loaded 1 spectra!
v_range    =  [nan, 400.0] cm^-1
stepsize   =  nan cm^-1

=== SPECTRA
Spectrum 0:
	FSR            = 591.82 cm^-1
	FSR_offset     = 24.53 cm^-1
	Cavity spacing = 6.4948 um
	FWHM           = 139.669 cm^-1
	Quality        = 4.237

=== END
Plots saved to results/SP_scan_new_cavity/20211215_sp_cyclohexanone_5um_new_cavity_9/plots
Spectrum data written to results/SP_scan_new_cavity/20211215_sp_cyclohexanone_5um_new_cavity_9/spectrum_data.csv

====== BEGINNING KINETICS ANALYSIS
=== GENERAL
Loaded 316 spectra!
lambda_range  =  [190.0, 1100.0] nm
stepsize      =  1.0000 nm
=== KINETICS
Biexponential fitting for average between wavelenghts [520.0, 580.0] nm:
	t in [0, 3150] s
	Correlation (R2)  = 0.9995129387
	k1                = 0.00413264 s^-1
	k2                = 0.00142802 s^-1
	A01               = 0.274
	A02               = 0.131
	B                 = -0.001
	Life-time 1       = 241.98 s
	Life-time 2       = 700.27 s
	Half-life 1       = 167.73 s
	Half-life 2       = 485.39 s
=== END

====== END
