====== STARTING ANALYSIS ======
Data directory:    data/SP_scan_new_cavity/20211215_sp_cyclohexanone_5um_new_cavity_16c
Results directory: results/SP_scan_new_cavity/20211215_sp_cyclohexanone_5um_new_cavity_16c

====== BEGINNING CAVITY ANALYSIS
=== GENERAL
Filename: data/SP_scan_new_cavity/20211215_sp_cyclohexanone_5um_new_cavity_16c/cavity.csv
Loaded 1 spectra!
v_range    =  [nan, 400.0] cm^-1
stepsize   =  nan cm^-1

=== SPECTRA
Spectrum 0:
	FSR            = 540.24 cm^-1
	FSR_offset     = 24.46 cm^-1
	Cavity spacing = 7.1150 um
	FWHM           = 100.898 cm^-1
	Quality        = 5.354

=== END
Plots saved to results/SP_scan_new_cavity/20211215_sp_cyclohexanone_5um_new_cavity_16c/plots
Spectrum data written to results/SP_scan_new_cavity/20211215_sp_cyclohexanone_5um_new_cavity_16c/spectrum_data.csv

====== BEGINNING KINETICS ANALYSIS
=== GENERAL
Loaded 358 spectra!
lambda_range  =  [190.0, 1100.0] nm
stepsize      =  1.0000 nm
=== KINETICS
Biexponential fitting for average between wavelenghts [520.0, 580.0] nm:
	t in [0, 3570] s
	Correlation (R2)  = 0.9993186657
	k1                = 0.00399226 s^-1
	k2                = 0.00148835 s^-1
	A01               = 0.263
	A02               = 0.123
	B                 = 0.000
	Life-time 1       = 250.48 s
	Life-time 2       = 671.88 s
	Half-life 1       = 173.62 s
	Half-life 2       = 465.71 s
=== END

====== END
