====== STARTING ANALYSIS ======
Data directory:    data/SP_scan_new_cavity/20211214_sp_cyclohexanone_5um_new_cavity_6
Results directory: results/SP_scan_new_cavity/20211214_sp_cyclohexanone_5um_new_cavity_6

====== BEGINNING CAVITY ANALYSIS
=== GENERAL
Filename: data/SP_scan_new_cavity/20211214_sp_cyclohexanone_5um_new_cavity_6/cavity.csv
Loaded 1 spectra!
v_range    =  [nan, 400.0] cm^-1
stepsize   =  nan cm^-1

=== SPECTRA
Spectrum 0:
	FSR            = 557.60 cm^-1
	FSR_offset     = 22.38 cm^-1
	Cavity spacing = 6.8935 um
	FWHM           = 100.987 cm^-1
	Quality        = 5.521

=== END
Plots saved to results/SP_scan_new_cavity/20211214_sp_cyclohexanone_5um_new_cavity_6/plots
Spectrum data written to results/SP_scan_new_cavity/20211214_sp_cyclohexanone_5um_new_cavity_6/spectrum_data.csv

====== BEGINNING KINETICS ANALYSIS
=== GENERAL
Loaded 220 spectra!
lambda_range  =  [190.0, 1100.0] nm
stepsize      =  1.0000 nm
=== KINETICS
Exponential fitting for average between wavelenghts [520.0, 580.0] nm:
	t in [0, 2190] s
	Correlation (R2)  = 0.9973628769
	k                 = 0.00383920 s^-1
	A0                = 0.421
	B                 = 0.005
	Life-time         = 260.47 s
	Half-life         = 180.54 s
=== END

====== END
