====== STARTING ANALYSIS ======
Data directory:    data/SP_scan_new_cavity/20211215_sp_cyclohexanone_5um_new_cavity_13_reversed
Results directory: results/SP_scan_new_cavity/20211215_sp_cyclohexanone_5um_new_cavity_13_reversed

====== BEGINNING CAVITY ANALYSIS
=== GENERAL
Filename: data/SP_scan_new_cavity/20211215_sp_cyclohexanone_5um_new_cavity_13_reversed/cavity.csv
Loaded 1 spectra!
v_range    =  [nan, 400.0] cm^-1
stepsize   =  nan cm^-1

=== SPECTRA
Spectrum 0:
	FSR            = 650.92 cm^-1
	FSR_offset     = 22.37 cm^-1
	Cavity spacing = 5.9052 um
	FWHM           = 116.199 cm^-1
	Quality        = 5.602

=== END
Plots saved to results/SP_scan_new_cavity/20211215_sp_cyclohexanone_5um_new_cavity_13_reversed/plots
Spectrum data written to results/SP_scan_new_cavity/20211215_sp_cyclohexanone_5um_new_cavity_13_reversed/spectrum_data.csv

====== BEGINNING KINETICS ANALYSIS
=== GENERAL
Loaded 361 spectra!
lambda_range  =  [190.0, 1100.0] nm
stepsize      =  1.0000 nm
=== KINETICS
Exponential fitting for average between wavelenghts [520.0, 580.0] nm:
	t in [0, 3600] s
	Correlation (R2)  = 0.9990000000
	k                 = 0.00323088 s^-1
	A0                = 0.571
	slope             = 0.037
	B                 = 0.037
	Life-time         = 309.51 s
	Half-life         = 214.54 s
=== END

====== END
