====== STARTING ANALYSIS ======
Data directory:    data/SP_scan_new_cavity/20211214_sp_cyclohexanone_5um_new_cavity_2
Results directory: results/SP_scan_new_cavity/20211214_sp_cyclohexanone_5um_new_cavity_2

====== BEGINNING CAVITY ANALYSIS
=== GENERAL
Filename: data/SP_scan_new_cavity/20211214_sp_cyclohexanone_5um_new_cavity_2/cavity.csv
Loaded 1 spectra!
v_range    =  [nan, 400.0] cm^-1
stepsize   =  nan cm^-1

=== SPECTRA
Spectrum 0:
	FSR            = 595.71 cm^-1
	FSR_offset     = 25.76 cm^-1
	Cavity spacing = 6.4524 um
	FWHM           = 192.658 cm^-1
	Quality        = 3.092

=== END
Plots saved to results/SP_scan_new_cavity/20211214_sp_cyclohexanone_5um_new_cavity_2/plots
Spectrum data written to results/SP_scan_new_cavity/20211214_sp_cyclohexanone_5um_new_cavity_2/spectrum_data.csv

====== BEGINNING KINETICS ANALYSIS
=== GENERAL
Loaded 255 spectra!
lambda_range  =  [190.0, 1100.0] nm
stepsize      =  1.0000 nm
=== KINETICS
Exponential fitting for average between wavelenghts [520.0, 580.0] nm:
	t in [0, 2540] s
	Correlation (R2)  = 0.9990000000
	k                 = 0.00356581 s^-1
	A0                = 0.270
	slope             = 0.037
	B                 = 0.037
	Life-time         = 280.44 s
	Half-life         = 194.39 s
=== END

====== END
