====== STARTING ANALYSIS ======
Data directory:    data/SP_scan_new_cavity/20211215_sp_cyclohexanone_5um_new_cavity_7
Results directory: results/SP_scan_new_cavity/20211215_sp_cyclohexanone_5um_new_cavity_7

====== BEGINNING CAVITY ANALYSIS
=== GENERAL
Filename: data/SP_scan_new_cavity/20211215_sp_cyclohexanone_5um_new_cavity_7/cavity.csv
Loaded 1 spectra!
v_range    =  [nan, 400.0] cm^-1
stepsize   =  nan cm^-1

=== SPECTRA
Spectrum 0:
	FSR            = 561.98 cm^-1
	FSR_offset     = 24.76 cm^-1
	Cavity spacing = 6.8398 um
	FWHM           = 472.349 cm^-1
	Quality        = 1.190

=== END
Plots saved to results/SP_scan_new_cavity/20211215_sp_cyclohexanone_5um_new_cavity_7/plots
Spectrum data written to results/SP_scan_new_cavity/20211215_sp_cyclohexanone_5um_new_cavity_7/spectrum_data.csv

====== BEGINNING KINETICS ANALYSIS
=== GENERAL
Loaded 251 spectra!
lambda_range  =  [190.0, 1100.0] nm
stepsize      =  1.0000 nm
=== KINETICS
Exponential fitting for average between wavelenghts [520.0, 580.0] nm:
	t in [0, 2500] s
	Correlation (R2)  = 0.9980000000
	k                 = 0.00443110 s^-1
	A0                = 0.453
	slope             = 0.074
	B                 = 0.074
	Life-time         = 225.68 s
	Half-life         = 156.43 s
=== END

====== END
