====== STARTING ANALYSIS ======
Data directory:    data/SP_scan_new_cavity/20211215_sp_cyclohexanone_5um_new_cavity_13
Results directory: results/SP_scan_new_cavity/20211215_sp_cyclohexanone_5um_new_cavity_13

====== BEGINNING CAVITY ANALYSIS
=== GENERAL
Filename: data/SP_scan_new_cavity/20211215_sp_cyclohexanone_5um_new_cavity_13/cavity.csv
Loaded 1 spectra!
v_range    =  [nan, 400.0] cm^-1
stepsize   =  nan cm^-1

=== SPECTRA
Spectrum 0:
	FSR            = 649.33 cm^-1
	FSR_offset     = 22.17 cm^-1
	Cavity spacing = 5.9197 um
	FWHM           = 142.409 cm^-1
	Quality        = 4.560

=== END
Plots saved to results/SP_scan_new_cavity/20211215_sp_cyclohexanone_5um_new_cavity_13/plots
Spectrum data written to results/SP_scan_new_cavity/20211215_sp_cyclohexanone_5um_new_cavity_13/spectrum_data.csv

====== BEGINNING KINETICS ANALYSIS
=== GENERAL
Loaded 356 spectra!
lambda_range  =  [190.0, 1100.0] nm
stepsize      =  1.0000 nm
=== KINETICS
Exponential fitting for average between wavelenghts [520.0, 580.0] nm:
	t in [0, 3550] s
	Correlation (R2)  = 0.9794138445
	k                 = 0.00145339 s^-1
	A0                = 0.295
	B                 = 0.013
	Life-time         = 688.05 s
	Half-life         = 476.92 s
=== END

====== END
