====== STARTING ANALYSIS ======
Data directory:    data/SP_scan_new_cavity/20211213_sp_cyclohexanone_5um_newcavity
Results directory: results/SP_scan_new_cavity/20211213_sp_cyclohexanone_5um_newcavity

====== BEGINNING CAVITY ANALYSIS
=== GENERAL
Filename: data/SP_scan_new_cavity/20211213_sp_cyclohexanone_5um_newcavity/cavity.csv
Loaded 1 spectra!
v_range    =  [7000.0, 400.0] cm^-1
stepsize   =  1.0000 cm^-1

=== SPECTRA
Spectrum 0:
	FSR            = 633.50 cm^-1
	FSR_offset     = 23.71 cm^-1
	Cavity spacing = 6.0676 um
	FWHM           = 414.227 cm^-1
	Quality        = 1.529

=== END
Plots saved to results/SP_scan_new_cavity/20211213_sp_cyclohexanone_5um_newcavity/plots
Spectrum data written to results/SP_scan_new_cavity/20211213_sp_cyclohexanone_5um_newcavity/spectrum_data.csv

====== BEGINNING KINETICS ANALYSIS
